<?xml version="1.0" encoding="UTF-8"?>
<!-- Generated by org.testng.reporters.JUnitReportReporter -->
<testsuite hostname="Daksh-PC" name="kapil.Connectivity" tests="1" failures="0" timestamp="23 Jun 2014 08:39:35 GMT" time="1.586" errors="0">
  <testcase name="test" time="1.586" classname="kapil.Connectivity"/>
</testsuite> <!-- kapil.Connectivity -->
