<?xml version="1.0" encoding="UTF-8"?>
<!-- Generated by org.testng.reporters.JUnitReportReporter -->
<testsuite hostname="Daksh-PC" name="kapil.Connection" tests="1" failures="0" timestamp="23 Jun 2014 08:06:49 GMT" time="0.409" errors="0">
  <testcase name="dataBaseConnection" time="0.409" classname="kapil.Connection"/>
</testsuite> <!-- kapil.Connection -->
